<?xml version="1.0" encoding="UTF-8" ?>
<testsuite failures="0" time="0.004" errors="0" skipped="0" tests="1" name="com.exitcode.myapps.filewordcounter.TriebasedFileWordCounterTest">
  <properties>
    <property name="java.runtime.name" value="Java(TM) SE Runtime Environment"/>
    <property name="sun.boot.library.path" value="/System/Library/Java/JavaVirtualMachines/1.6.0.jdk/Contents/Libraries"/>
    <property name="java.vm.version" value="20.4-b02-402"/>
    <property name="awt.nativeDoubleBuffering" value="true"/>
    <property name="gopherProxySet" value="false"/>
    <property name="mrj.build" value="11D50b"/>
    <property name="java.vm.vendor" value="Apple Inc."/>
    <property name="java.vendor.url" value="http://www.apple.com/"/>
    <property name="path.separator" value=":"/>
    <property name="java.vm.name" value="Java HotSpot(TM) 64-Bit Server VM"/>
    <property name="file.encoding.pkg" value="sun.io"/>
    <property name="user.country" value="US"/>
    <property name="sun.java.launcher" value="SUN_STANDARD"/>
    <property name="sun.os.patch.level" value="unknown"/>
    <property name="java.vm.specification.name" value="Java Virtual Machine Specification"/>
    <property name="user.dir" value="/Users/pradheepraju/Projects/FileWordCounter"/>
    <property name="java.runtime.version" value="1.6.0_29-b11-402-11D50b"/>
    <property name="java.awt.graphicsenv" value="apple.awt.CGraphicsEnvironment"/>
    <property name="basedir" value="/Users/pradheepraju/Projects/FileWordCounter"/>
    <property name="java.endorsed.dirs" value="/System/Library/Java/JavaVirtualMachines/1.6.0.jdk/Contents/Home/lib/endorsed"/>
    <property name="os.arch" value="x86_64"/>
    <property name="surefire.real.class.path" value="/Users/pradheepraju/Projects/FileWordCounter/target/surefire/surefirebooter7740820205533417468.jar"/>
    <property name="java.io.tmpdir" value="/var/folders/kn/2pgvzf915blghw2x5zyhryhm0000gn/T/"/>
    <property name="line.separator" value="
"/>
    <property name="java.vm.specification.vendor" value="Sun Microsystems Inc."/>
    <property name="os.name" value="Mac OS X"/>
    <property name="sun.jnu.encoding" value="MacRoman"/>
    <property name="java.library.path" value=".:/Library/Java/Extensions:/System/Library/Java/Extensions:/usr/lib/java"/>
    <property name="surefire.test.class.path" value="/Users/pradheepraju/Projects/FileWordCounter/target/test-classes:/Users/pradheepraju/Projects/FileWordCounter/target/classes:/Users/pradheepraju/.m2/repository/junit/junit/4.8.1/junit-4.8.1.jar:/Users/pradheepraju/.m2/repository/org/springframework/spring-context/3.0.0.RELEASE/spring-context-3.0.0.RELEASE.jar:/Users/pradheepraju/.m2/repository/org/springframework/spring-beans/3.0.0.RELEASE/spring-beans-3.0.0.RELEASE.jar:/Users/pradheepraju/.m2/repository/org/springframework/spring-core/3.0.0.RELEASE/spring-core-3.0.0.RELEASE.jar:/Users/pradheepraju/.m2/repository/org/springframework/spring-expression/3.0.0.RELEASE/spring-expression-3.0.0.RELEASE.jar:/Users/pradheepraju/.m2/repository/org/springframework/spring-asm/3.0.0.RELEASE/spring-asm-3.0.0.RELEASE.jar:/Users/pradheepraju/.m2/repository/org/springframework/spring-test/3.0.0.RELEASE/spring-test-3.0.0.RELEASE.jar:/Users/pradheepraju/.m2/repository/org/springframework/spring-context-support/3.0.0.RELEASE/spring-context-support-3.0.0.RELEASE.jar:/Users/pradheepraju/.m2/repository/org/springframework/spring-aop/3.0.0.RELEASE/spring-aop-3.0.0.RELEASE.jar:/Users/pradheepraju/.m2/repository/aopalliance/aopalliance/1.0/aopalliance-1.0.jar:/Users/pradheepraju/.m2/repository/org/springframework/spring-orm/3.0.0.RELEASE/spring-orm-3.0.0.RELEASE.jar:/Users/pradheepraju/.m2/repository/org/springframework/spring-jdbc/3.0.0.RELEASE/spring-jdbc-3.0.0.RELEASE.jar:/Users/pradheepraju/.m2/repository/org/springframework/spring-tx/3.0.0.RELEASE/spring-tx-3.0.0.RELEASE.jar:/Users/pradheepraju/.m2/repository/org/springframework/spring-instrument/3.0.0.RELEASE/spring-instrument-3.0.0.RELEASE.jar:/Users/pradheepraju/.m2/repository/ch/qos/logback/logback-classic/0.9.9/logback-classic-0.9.9.jar:/Users/pradheepraju/.m2/repository/ch/qos/logback/logback-core/0.9.9/logback-core-0.9.9.jar:/Users/pradheepraju/.m2/repository/org/slf4j/slf4j-api/1.5.0/slf4j-api-1.5.0.jar:/Users/pradheepraju/.m2/repository/ch/qos/logback/logback-access/0.9.9/logback-access-0.9.9.jar:/Users/pradheepraju/.m2/repository/com/google/guava/guava/r08/guava-r08.jar:/Users/pradheepraju/.m2/repository/commons-httpclient/commons-httpclient/3.1/commons-httpclient-3.1.jar:/Users/pradheepraju/.m2/repository/commons-logging/commons-logging/1.0.4/commons-logging-1.0.4.jar:/Users/pradheepraju/.m2/repository/commons-codec/commons-codec/1.3/commons-codec-1.3.jar:"/>
    <property name="java.specification.name" value="Java Platform API Specification"/>
    <property name="java.class.version" value="50.0"/>
    <property name="sun.management.compiler" value="HotSpot 64-Bit Tiered Compilers"/>
    <property name="os.version" value="10.7.3"/>
    <property name="http.nonProxyHosts" value="local|*.local|169.254/16|*.169.254/16"/>
    <property name="user.home" value="/Users/pradheepraju"/>
    <property name="user.timezone" value="America/Chicago"/>
    <property name="java.awt.printerjob" value="apple.awt.CPrinterJob"/>
    <property name="java.specification.version" value="1.6"/>
    <property name="file.encoding" value="MacRoman"/>
    <property name="user.name" value="pradheepraju"/>
    <property name="java.class.path" value="/Users/pradheepraju/Projects/FileWordCounter/target/test-classes:/Users/pradheepraju/Projects/FileWordCounter/target/classes:/Users/pradheepraju/.m2/repository/junit/junit/4.8.1/junit-4.8.1.jar:/Users/pradheepraju/.m2/repository/org/springframework/spring-context/3.0.0.RELEASE/spring-context-3.0.0.RELEASE.jar:/Users/pradheepraju/.m2/repository/org/springframework/spring-beans/3.0.0.RELEASE/spring-beans-3.0.0.RELEASE.jar:/Users/pradheepraju/.m2/repository/org/springframework/spring-core/3.0.0.RELEASE/spring-core-3.0.0.RELEASE.jar:/Users/pradheepraju/.m2/repository/org/springframework/spring-expression/3.0.0.RELEASE/spring-expression-3.0.0.RELEASE.jar:/Users/pradheepraju/.m2/repository/org/springframework/spring-asm/3.0.0.RELEASE/spring-asm-3.0.0.RELEASE.jar:/Users/pradheepraju/.m2/repository/org/springframework/spring-test/3.0.0.RELEASE/spring-test-3.0.0.RELEASE.jar:/Users/pradheepraju/.m2/repository/org/springframework/spring-context-support/3.0.0.RELEASE/spring-context-support-3.0.0.RELEASE.jar:/Users/pradheepraju/.m2/repository/org/springframework/spring-aop/3.0.0.RELEASE/spring-aop-3.0.0.RELEASE.jar:/Users/pradheepraju/.m2/repository/aopalliance/aopalliance/1.0/aopalliance-1.0.jar:/Users/pradheepraju/.m2/repository/org/springframework/spring-orm/3.0.0.RELEASE/spring-orm-3.0.0.RELEASE.jar:/Users/pradheepraju/.m2/repository/org/springframework/spring-jdbc/3.0.0.RELEASE/spring-jdbc-3.0.0.RELEASE.jar:/Users/pradheepraju/.m2/repository/org/springframework/spring-tx/3.0.0.RELEASE/spring-tx-3.0.0.RELEASE.jar:/Users/pradheepraju/.m2/repository/org/springframework/spring-instrument/3.0.0.RELEASE/spring-instrument-3.0.0.RELEASE.jar:/Users/pradheepraju/.m2/repository/ch/qos/logback/logback-classic/0.9.9/logback-classic-0.9.9.jar:/Users/pradheepraju/.m2/repository/ch/qos/logback/logback-core/0.9.9/logback-core-0.9.9.jar:/Users/pradheepraju/.m2/repository/org/slf4j/slf4j-api/1.5.0/slf4j-api-1.5.0.jar:/Users/pradheepraju/.m2/repository/ch/qos/logback/logback-access/0.9.9/logback-access-0.9.9.jar:/Users/pradheepraju/.m2/repository/com/google/guava/guava/r08/guava-r08.jar:/Users/pradheepraju/.m2/repository/commons-httpclient/commons-httpclient/3.1/commons-httpclient-3.1.jar:/Users/pradheepraju/.m2/repository/commons-logging/commons-logging/1.0.4/commons-logging-1.0.4.jar:/Users/pradheepraju/.m2/repository/commons-codec/commons-codec/1.3/commons-codec-1.3.jar:"/>
    <property name="java.vm.specification.version" value="1.0"/>
    <property name="sun.arch.data.model" value="64"/>
    <property name="java.home" value="/System/Library/Java/JavaVirtualMachines/1.6.0.jdk/Contents/Home"/>
    <property name="sun.java.command" value="/Users/pradheepraju/Projects/FileWordCounter/target/surefire/surefirebooter7740820205533417468.jar /Users/pradheepraju/Projects/FileWordCounter/target/surefire/surefire8769318160403539439tmp /Users/pradheepraju/Projects/FileWordCounter/target/surefire/surefire3415974627316110087tmp"/>
    <property name="java.specification.vendor" value="Sun Microsystems Inc."/>
    <property name="user.language" value="en"/>
    <property name="awt.toolkit" value="apple.awt.CToolkit"/>
    <property name="java.vm.info" value="mixed mode"/>
    <property name="java.version" value="1.6.0_29"/>
    <property name="java.ext.dirs" value="/Library/Java/Extensions:/System/Library/Java/Extensions:/System/Library/Java/JavaVirtualMachines/1.6.0.jdk/Contents/Home/lib/ext"/>
    <property name="sun.boot.class.path" value="/System/Library/Java/JavaVirtualMachines/1.6.0.jdk/Contents/Classes/jsfd.jar:/System/Library/Java/JavaVirtualMachines/1.6.0.jdk/Contents/Classes/classes.jar:/System/Library/Frameworks/JavaVM.framework/Frameworks/JavaRuntimeSupport.framework/Resources/Java/JavaRuntimeSupport.jar:/System/Library/Java/JavaVirtualMachines/1.6.0.jdk/Contents/Classes/ui.jar:/System/Library/Java/JavaVirtualMachines/1.6.0.jdk/Contents/Classes/laf.jar:/System/Library/Java/JavaVirtualMachines/1.6.0.jdk/Contents/Classes/sunrsasign.jar:/System/Library/Java/JavaVirtualMachines/1.6.0.jdk/Contents/Classes/jsse.jar:/System/Library/Java/JavaVirtualMachines/1.6.0.jdk/Contents/Classes/jce.jar:/System/Library/Java/JavaVirtualMachines/1.6.0.jdk/Contents/Classes/charsets.jar"/>
    <property name="java.vendor" value="Apple Inc."/>
    <property name="localRepository" value="/Users/pradheepraju/.m2/repository"/>
    <property name="file.separator" value="/"/>
    <property name="java.vendor.url.bug" value="http://bugreport.apple.com/"/>
    <property name="sun.cpu.endian" value="little"/>
    <property name="sun.io.unicode.encoding" value="UnicodeLittle"/>
    <property name="mrj.version" value="1070.1.6.0_29-402"/>
    <property name="socksNonProxyHosts" value="local|*.local|169.254/16|*.169.254/16"/>
    <property name="ftp.nonProxyHosts" value="local|*.local|169.254/16|*.169.254/16"/>
    <property name="sun.cpu.isalist" value=""/>
  </properties>
  <testcase time="0.004" classname="com.exitcode.myapps.filewordcounter.TriebasedFileWordCounterTest" name="testPrintWordCountInFiles"/>
</testsuite>